# JRE version: Java(TM) SE Runtime Environment (8.0_40-b25) (build 1.8.0_40-b25)
# Java VM: Java HotSpot(TM) 64-Bit Server VM (25.40-b25 mixed mode windows-amd64 compressed oops)
Heap:
 PSYoungGen      total 534016K, used 259704K [0x000000076b400000, 0x0000000797500000, 0x00000007c0000000)
  eden space 502784K, 51% used [0x000000076b400000,0x000000077b19e1b0,0x0000000789f00000)
  from space 31232K, 0% used [0x0000000789f00000,0x0000000789f00000,0x000000078bd80000)
  to   space 36864K, 0% used [0x0000000795100000,0x0000000795100000,0x0000000797500000)
 ParOldGen       total 224768K, used 51038K [0x00000006c1c00000, 0x00000006cf780000, 0x000000076b400000)
  object space 224768K, 22% used [0x00000006c1c00000,0x00000006c4dd7980,0x00000006cf780000)
 Metaspace       used 65532K, capacity 68284K, committed 68608K, reserved 1110016K
  class space    used 8362K, capacity 8847K, committed 8960K, reserved 1048576K
GC Heap History (10 events):
Event: 4.180 GC heap before
{Heap before GC invocations=8 (full 2):
 PSYoungGen      total 272896K, used 262144K [0x000000076b400000, 0x0000000782c80000, 0x00000007c0000000)
  eden space 262144K, 100% used [0x000000076b400000,0x000000077b400000,0x000000077b400000)
  from space 10752K, 0% used [0x000000077b400000,0x000000077b400000,0x000000077be80000)
  to   space 18944K, 0% used [0x0000000781a00000,0x0000000781a00000,0x0000000782c80000)
 ParOldGen       total 155648K, used 24694K [0x00000006c1c00000, 0x00000006cb400000, 0x000000076b400000)
  object space 155648K, 15% used [0x00000006c1c00000,0x00000006c341d9d8,0x00000006cb400000)
 Metaspace       used 39651K, capacity 41068K, committed 41216K, reserved 1085440K
  class space    used 5233K, capacity 5550K, committed 5632K, reserved 1048576K
Event: 4.188 GC heap after
Heap after GC invocations=8 (full 2):
 PSYoungGen      total 367104K, used 8502K [0x000000076b400000, 0x0000000785b00000, 0x00000007c0000000)
  eden space 348160K, 0% used [0x000000076b400000,0x000000076b400000,0x0000000780800000)
  from space 18944K, 44% used [0x0000000781a00000,0x000000078224da20,0x0000000782c80000)
  to   space 18432K, 0% used [0x0000000780800000,0x0000000780800000,0x0000000781a00000)
 ParOldGen       total 155648K, used 24702K [0x00000006c1c00000, 0x00000006cb400000, 0x000000076b400000)
  object space 155648K, 15% used [0x00000006c1c00000,0x00000006c341f9d8,0x00000006cb400000)
 Metaspace       used 39651K, capacity 41068K, committed 41216K, reserved 1085440K
  class space    used 5233K, capacity 5550K, committed 5632K, reserved 1048576K
}
Event: 5.799 GC heap before
{Heap before GC invocations=9 (full 2):
 PSYoungGen      total 367104K, used 356662K [0x000000076b400000, 0x0000000785b00000, 0x00000007c0000000)
  eden space 348160K, 100% used [0x000000076b400000,0x0000000780800000,0x0000000780800000)
  from space 18944K, 44% used [0x0000000781a00000,0x000000078224da20,0x0000000782c80000)
  to   space 18432K, 0% used [0x0000000780800000,0x0000000780800000,0x0000000781a00000)
 ParOldGen       total 155648K, used 24702K [0x00000006c1c00000, 0x00000006cb400000, 0x000000076b400000)
  object space 155648K, 15% used [0x00000006c1c00000,0x00000006c341f9d8,0x00000006cb400000)
 Metaspace       used 47549K, capacity 49368K, committed 49536K, reserved 1091584K
  class space    used 6143K, capacity 6494K, committed 6528K, reserved 1048576K
Event: 5.817 GC heap after
Heap after GC invocations=9 (full 2):
 PSYoungGen      total 366592K, used 18423K [0x000000076b400000, 0x000000078d780000, 0x00000007c0000000)
  eden space 348160K, 0% used [0x000000076b400000,0x000000076b400000,0x0000000780800000)
  from space 18432K, 99% used [0x0000000780800000,0x00000007819fdd50,0x0000000781a00000)
  to   space 24576K, 0% used [0x000000078bf80000,0x000000078bf80000,0x000000078d780000)
 ParOldGen       total 155648K, used 30736K [0x00000006c1c00000, 0x00000006cb400000, 0x000000076b400000)
  object space 155648K, 19% used [0x00000006c1c00000,0x00000006c3a043b0,0x00000006cb400000)
 Metaspace       used 47549K, capacity 49368K, committed 49536K, reserved 1091584K
  class space    used 6143K, capacity 6494K, committed 6528K, reserved 1048576K
}
Event: 7.371 GC heap before
{Heap before GC invocations=10 (full 2):
 PSYoungGen      total 366592K, used 366583K [0x000000076b400000, 0x000000078d780000, 0x00000007c0000000)
  eden space 348160K, 100% used [0x000000076b400000,0x0000000780800000,0x0000000780800000)
  from space 18432K, 99% used [0x0000000780800000,0x00000007819fdd50,0x0000000781a00000)
  to   space 24576K, 0% used [0x000000078bf80000,0x000000078bf80000,0x000000078d780000)
 ParOldGen       total 155648K, used 30736K [0x00000006c1c00000, 0x00000006cb400000, 0x000000076b400000)
  object space 155648K, 19% used [0x00000006c1c00000,0x00000006c3a043b0,0x00000006cb400000)
 Metaspace       used 51344K, capacity 53496K, committed 53760K, reserved 1095680K
  class space    used 6639K, capacity 7046K, committed 7168K, reserved 1048576K
Event: 7.394 GC heap after
Heap after GC invocations=10 (full 2):
 PSYoungGen      total 527360K, used 24551K [0x000000076b400000, 0x000000078dc00000, 0x00000007c0000000)
  eden space 502784K, 0% used [0x000000076b400000,0x000000076b400000,0x0000000789f00000)
  from space 24576K, 99% used [0x000000078bf80000,0x000000078d779d30,0x000000078d780000)
  to   space 31232K, 0% used [0x0000000789f00000,0x0000000789f00000,0x000000078bd80000)
 ParOldGen       total 155648K, used 38090K [0x00000006c1c00000, 0x00000006cb400000, 0x000000076b400000)
  object space 155648K, 24% used [0x00000006c1c00000,0x00000006c41328d0,0x00000006cb400000)
 Metaspace       used 51344K, capacity 53496K, committed 53760K, reserved 1095680K
  class space    used 6639K, capacity 7046K, committed 7168K, reserved 1048576K
}
Event: 8.355 GC heap before
{Heap before GC invocations=11 (full 2):
 PSYoungGen      total 527360K, used 191835K [0x000000076b400000, 0x000000078dc00000, 0x00000007c0000000)
  eden space 502784K, 33% used [0x000000076b400000,0x000000077575d040,0x0000000789f00000)
  from space 24576K, 99% used [0x000000078bf80000,0x000000078d779d30,0x000000078d780000)
  to   space 31232K, 0% used [0x0000000789f00000,0x0000000789f00000,0x000000078bd80000)
 ParOldGen       total 155648K, used 38090K [0x00000006c1c00000, 0x00000006cb400000, 0x000000076b400000)
  object space 155648K, 24% used [0x00000006c1c00000,0x00000006c41328d0,0x00000006cb400000)
 Metaspace       used 56724K, capacity 58952K, committed 59160K, reserved 1101824K
  class space    used 7283K, capacity 7689K, committed 7808K, reserved 1048576K
Event: 8.391 GC heap after
Heap after GC invocations=11 (full 2):
 PSYoungGen      total 534016K, used 31210K [0x000000076b400000, 0x0000000797500000, 0x00000007c0000000)
  eden space 502784K, 0% used [0x000000076b400000,0x000000076b400000,0x0000000789f00000)
  from space 31232K, 99% used [0x0000000789f00000,0x000000078bd7a948,0x000000078bd80000)
  to   space 36864K, 0% used [0x0000000795100000,0x0000000795100000,0x0000000797500000)
 ParOldGen       total 155648K, used 39301K [0x00000006c1c00000, 0x00000006cb400000, 0x000000076b400000)
  object space 155648K, 25% used [0x00000006c1c00000,0x00000006c4261640,0x00000006cb400000)
 Metaspace       used 56724K, capacity 58952K, committed 59160K, reserved 1101824K
  class space    used 7283K, capacity 7689K, committed 7808K, reserved 1048576K
}
Event: 8.391 GC heap before
{Heap before GC invocations=12 (full 3):
 PSYoungGen      total 534016K, used 31210K [0x000000076b400000, 0x0000000797500000, 0x00000007c0000000)
  eden space 502784K, 0% used [0x000000076b400000,0x000000076b400000,0x0000000789f00000)
  from space 31232K, 99% used [0x0000000789f00000,0x000000078bd7a948,0x000000078bd80000)
  to   space 36864K, 0% used [0x0000000795100000,0x0000000795100000,0x0000000797500000)
 ParOldGen       total 155648K, used 39301K [0x00000006c1c00000, 0x00000006cb400000, 0x000000076b400000)
  object space 155648K, 25% used [0x00000006c1c00000,0x00000006c4261640,0x00000006cb400000)
 Metaspace       used 56724K, capacity 58952K, committed 59160K, reserved 1101824K
  class space    used 7283K, capacity 7689K, committed 7808K, reserved 1048576K
Event: 8.559 GC heap after
Heap after GC invocations=12 (full 3):
 PSYoungGen      total 534016K, used 0K [0x000000076b400000, 0x0000000797500000, 0x00000007c0000000)
  eden space 502784K, 0% used [0x000000076b400000,0x000000076b400000,0x0000000789f00000)
  from space 31232K, 0% used [0x0000000789f00000,0x0000000789f00000,0x000000078bd80000)
  to   space 36864K, 0% used [0x0000000795100000,0x0000000795100000,0x0000000797500000)
 ParOldGen       total 224768K, used 51038K [0x00000006c1c00000, 0x00000006cf780000, 0x000000076b400000)
  object space 224768K, 22% used [0x00000006c1c00000,0x00000006c4dd7980,0x00000006cf780000)
 Metaspace       used 56724K, capacity 58952K, committed 59160K, reserved 1101824K
  class space    used 7283K, capacity 7689K, committed 7808K, reserved 1048576K
}

